apptools/build/outputs/logs/manifest-merger-debug-report.txt
-- Merging decision tree log ---
manifest
ADDED from src\main\AndroidManifest.xml:2:1-111:12
	package
		ADDED from src\main\AndroidManifest.xml:3:11-41
		INJECTED from src\main\AndroidManifest.xml
		INJECTED from src\main\AndroidManifest.xml
	android:versionName
		ADDED from src\main\AndroidManifest.xml:5:11-41
		INJECTED from src\main\AndroidManifest.xml
		INJECTED from src\main\AndroidManifest.xml
	android:versionCode
		ADDED from src\main\AndroidManifest.xml:4:11-36
		INJECTED from src\main\AndroidManifest.xml
		INJECTED from src\main\AndroidManifest.xml
	xmlns:android
		ADDED from src\main\AndroidManifest.xml:2:11-69
uses-feature#android.hardware.bluetooth_le
ADDED from src\main\AndroidManifest.xml:7:5-89
	android:required
		ADDED from src\main\AndroidManifest.xml:7:64-87
	android:name
		ADDED from src\main\AndroidManifest.xml:7:19-63
uses-feature#android.hardware.camera
ADDED from src\main\AndroidManifest.xml:8:5-60
	android:name
		ADDED from src\main\AndroidManifest.xml:8:19-57
uses-feature#android.hardware.camera.autofocus
ADDED from src\main\AndroidManifest.xml:9:5-70
	android:name
		ADDED from src\main\AndroidManifest.xml:9:19-67
uses-permission#android.permission.BLUETOOTH
ADDED from src\main\AndroidManifest.xml:11:5-67
	android:name
		ADDED from src\main\AndroidManifest.xml:11:22-65
uses-permission#android.permission.BLUETOOTH_ADMIN
ADDED from src\main\AndroidManifest.xml:12:5-73
	android:name
		ADDED from src\main\AndroidManifest.xml:12:22-71
uses-permission#android.permission.BLUETOOTH_PRIVILEGED
ADDED from src\main\AndroidManifest.xml:13:5-79
	android:name
		ADDED from src\main\AndroidManifest.xml:13:22-76
uses-permission#android.permission.INTERNET
ADDED from src\main\AndroidManifest.xml:14:5-67
	android:name
		ADDED from src\main\AndroidManifest.xml:14:22-64
uses-permission#android.permission.WRITE_EXTERNAL_STORAGE
ADDED from src\main\AndroidManifest.xml:15:5-81
	android:name
		ADDED from src\main\AndroidManifest.xml:15:22-78
uses-permission#android.permission.ACCESS_COARSE_LOCATION
ADDED from src\main\AndroidManifest.xml:16:5-81
	android:name
		ADDED from src\main\AndroidManifest.xml:16:22-78
uses-permission#android.permission.ACCESS_NETWORK_STATE
ADDED from src\main\AndroidManifest.xml:17:5-79
	android:name
		ADDED from src\main\AndroidManifest.xml:17:22-76
uses-permission#android.permission.ACCESS_FINE_LOCATION
ADDED from src\main\AndroidManifest.xml:18:5-79
	android:name
		ADDED from src\main\AndroidManifest.xml:18:22-76
uses-permission#android.permission.READ_PHONE_STATE
ADDED from src\main\AndroidManifest.xml:19:5-75
	android:name
		ADDED from src\main\AndroidManifest.xml:19:22-72
uses-permission#android.permission.CHANGE_WIFI_STATE
ADDED from src\main\AndroidManifest.xml:20:5-76
	android:name
		ADDED from src\main\AndroidManifest.xml:20:22-73
uses-permission#android.permission.ACCESS_WIFI_STATE
ADDED from src\main\AndroidManifest.xml:21:5-76
	android:name
		ADDED from src\main\AndroidManifest.xml:21:22-73
uses-permission#android.permission.CHANGE_CONFIGURATION
ADDED from src\main\AndroidManifest.xml:22:5-79
	android:name
		ADDED from src\main\AndroidManifest.xml:22:22-76
uses-permission#android.permission.WAKE_LOCK
ADDED from src\main\AndroidManifest.xml:23:5-68
	android:name
		ADDED from src\main\AndroidManifest.xml:23:22-65
uses-permission#android.permission.WRITE_SETTINGS
ADDED from src\main\AndroidManifest.xml:24:5-73
	android:name
		ADDED from src\main\AndroidManifest.xml:24:22-70
uses-permission#android.permission.VIBRATE
ADDED from src\main\AndroidManifest.xml:25:5-66
	android:name
		ADDED from src\main\AndroidManifest.xml:25:22-63
uses-permission#android.permission.FLASHLIGHT
ADDED from src\main\AndroidManifest.xml:26:5-69
	android:name
		ADDED from src\main\AndroidManifest.xml:26:22-66
uses-permission#android.permission.CAMERA
ADDED from src\main\AndroidManifest.xml:27:5-65
	android:name
		ADDED from src\main\AndroidManifest.xml:27:22-62
uses-permission#android.permission.SYSTEM_ALERT_WINDOW
ADDED from src\main\AndroidManifest.xml:28:5-78
	android:name
		ADDED from src\main\AndroidManifest.xml:28:22-75
application
ADDED from src\main\AndroidManifest.xml:31:5-110:19
	android:label
		ADDED from src\main\AndroidManifest.xml:35:9-41
	android:supportsRtl
		ADDED from src\main\AndroidManifest.xml:34:9-35
	android:icon
		ADDED from src\main\AndroidManifest.xml:33:9-45
	android:theme
		ADDED from src\main\AndroidManifest.xml:36:9-40
	android:name
		ADDED from src\main\AndroidManifest.xml:32:9-58
meta-data#com.amap.api.v2.apikey
ADDED from src\main\AndroidManifest.xml:38:9-40:64
	android:value
		ADDED from src\main\AndroidManifest.xml:40:13-61
	android:name
		ADDED from src\main\AndroidManifest.xml:39:13-50
service#com.amap.api.location.APSService
ADDED from src\main\AndroidManifest.xml:42:9-68
	android:name
		ADDED from src\main\AndroidManifest.xml:42:18-65
activity#com.advanpro.fwtools.module.SignInActivity
ADDED from src\main\AndroidManifest.xml:43:9-46:20
	android:screenOrientation
		ADDED from src\main\AndroidManifest.xml:45:13-49
	android:name
		ADDED from src\main\AndroidManifest.xml:44:13-70
activity#com.advanpro.fwtools.module.MainActivity
ADDED from src\main\AndroidManifest.xml:47:9-54:20
	android:screenOrientation
		ADDED from src\main\AndroidManifest.xml:49:13-49
	android:name
		ADDED from src\main\AndroidManifest.xml:48:13-68
intent-filter#android.intent.action.MAIN+android.intent.category.LAUNCHER
ADDED from src\main\AndroidManifest.xml:50:13-53:29
action#android.intent.action.MAIN
ADDED from src\main\AndroidManifest.xml:51:17-68
	android:name
		ADDED from src\main\AndroidManifest.xml:51:25-66
category#android.intent.category.LAUNCHER
ADDED from src\main\AndroidManifest.xml:52:17-76
	android:name
		ADDED from src\main\AndroidManifest.xml:52:27-74
activity#com.advanpro.fwtools.module.SignUpActivity
ADDED from src\main\AndroidManifest.xml:55:9-116
	android:screenOrientation
		ADDED from src\main\AndroidManifest.xml:55:77-113
	android:name
		ADDED from src\main\AndroidManifest.xml:55:19-76
activity#com.advanpro.fwtools.module.ClipActivity
ADDED from src\main\AndroidManifest.xml:56:9-114
	android:screenOrientation
		ADDED from src\main\AndroidManifest.xml:56:75-111
	android:name
		ADDED from src\main\AndroidManifest.xml:56:19-74
activity#com.advanpro.fwtools.module.activity.PathActivity
ADDED from src\main\AndroidManifest.xml:57:9-122
	android:screenOrientation
		ADDED from src\main\AndroidManifest.xml:57:84-120
	android:name
		ADDED from src\main\AndroidManifest.xml:57:19-83
activity#com.advanpro.fwtools.module.activity.MainPlanActivity
ADDED from src\main\AndroidManifest.xml:58:9-127
	android:screenOrientation
		ADDED from src\main\AndroidManifest.xml:58:88-124
	android:name
		ADDED from src\main\AndroidManifest.xml:58:19-87
activity#com.advanpro.fwtools.module.activity.DailyAndLosePlanActivity
ADDED from src\main\AndroidManifest.xml:59:9-135
	android:screenOrientation
		ADDED from src\main\AndroidManifest.xml:59:96-132
	android:name
		ADDED from src\main\AndroidManifest.xml:59:19-95
activity#com.advanpro.fwtools.module.activity.MarathonPlanActivity
ADDED from src\main\AndroidManifest.xml:60:9-131
	android:screenOrientation
		ADDED from src\main\AndroidManifest.xml:60:92-128
	android:name
		ADDED from src\main\AndroidManifest.xml:60:19-91
activity#com.advanpro.fwtools.module.stat.ActivityStatActivity
ADDED from src\main\AndroidManifest.xml:61:9-126
	android:screenOrientation
		ADDED from src\main\AndroidManifest.xml:61:88-124
	android:name
		ADDED from src\main\AndroidManifest.xml:61:19-87
activity#com.advanpro.fwtools.module.stat.GaitStatActivity
ADDED from src\main\AndroidManifest.xml:62:9-123
	android:screenOrientation
		ADDED from src\main\AndroidManifest.xml:62:84-120
	android:name
		ADDED from src\main\AndroidManifest.xml:62:19-83
activity#com.advanpro.fwtools.module.stat.PoseStatActivity
ADDED from src\main\AndroidManifest.xml:63:9-123
	android:screenOrientation
		ADDED from src\main\AndroidManifest.xml:63:84-120
	android:name
		ADDED from src\main\AndroidManifest.xml:63:19-83
activity#com.advanpro.fwtools.module.stat.FatigueWarningActivity
ADDED from src\main\AndroidManifest.xml:64:9-129
	android:screenOrientation
		ADDED from src\main\AndroidManifest.xml:64:90-126
	android:name
		ADDED from src\main\AndroidManifest.xml:64:19-89
activity#com.advanpro.fwtools.module.stat.PathRecordActivity
ADDED from src\main\AndroidManifest.xml:65:9-125
	android:screenOrientation
		ADDED from src\main\AndroidManifest.xml:65:86-122
	android:name
		ADDED from src\main\AndroidManifest.xml:65:19-85
activity#com.advanpro.fwtools.module.me.UserInfoActivity
ADDED from src\main\AndroidManifest.xml:66:9-121
	android:screenOrientation
		ADDED from src\main\AndroidManifest.xml:66:82-118
	android:name
		ADDED from src\main\AndroidManifest.xml:66:19-81
activity#com.advanpro.fwtools.module.me.ChangePwdActivity
ADDED from src\main\AndroidManifest.xml:67:9-122
	android:screenOrientation
		ADDED from src\main\AndroidManifest.xml:67:83-119
	android:name
		ADDED from src\main\AndroidManifest.xml:67:19-82
activity#com.advanpro.fwtools.module.more.DeviceManagerActivity
ADDED from src\main\AndroidManifest.xml:68:9-128
	android:screenOrientation
		ADDED from src\main\AndroidManifest.xml:68:89-125
	android:name
		ADDED from src\main\AndroidManifest.xml:68:19-88
activity#com.advanpro.fwtools.module.more.MusicManagerActivity
ADDED from src\main\AndroidManifest.xml:69:9-127
	android:screenOrientation
		ADDED from src\main\AndroidManifest.xml:69:88-124
	android:name
		ADDED from src\main\AndroidManifest.xml:69:19-87
activity#com.advanpro.fwtools.module.more.NewSonglistActivity
ADDED from src\main\AndroidManifest.xml:70:9-126
	android:screenOrientation
		ADDED from src\main\AndroidManifest.xml:70:87-123
	android:name
		ADDED from src\main\AndroidManifest.xml:70:19-86
activity#com.advanpro.fwtools.module.more.AddToSonglistActivity
ADDED from src\main\AndroidManifest.xml:71:9-128
	android:screenOrientation
		ADDED from src\main\AndroidManifest.xml:71:89-125
	android:name
		ADDED from src\main\AndroidManifest.xml:71:19-88
activity#com.advanpro.fwtools.module.more.SonglistActivity
ADDED from src\main\AndroidManifest.xml:72:9-123
	android:screenOrientation
		ADDED from src\main\AndroidManifest.xml:72:84-120
	android:name
		ADDED from src\main\AndroidManifest.xml:72:19-83
activity#com.advanpro.fwtools.module.more.AboutActivity
ADDED from src\main\AndroidManifest.xml:73:9-120
	android:screenOrientation
		ADDED from src\main\AndroidManifest.xml:73:81-117
	android:name
		ADDED from src\main\AndroidManifest.xml:73:19-80
activity#com.advanpro.fwtools.module.more.OtaActivity
ADDED from src\main\AndroidManifest.xml:74:9-118
	android:screenOrientation
		ADDED from src\main\AndroidManifest.xml:74:79-115
	android:name
		ADDED from src\main\AndroidManifest.xml:74:19-78
activity#com.advanpro.fwtools.fwdebug.FwDebugActivity
ADDED from src\main\AndroidManifest.xml:75:9-76:51
	android:screenOrientation
		ADDED from src\main\AndroidManifest.xml:76:13-49
	android:name
		ADDED from src\main\AndroidManifest.xml:75:19-78
activity#com.advanpro.fwtools.module.me.PayLoginfoActivity
ADDED from src\main\AndroidManifest.xml:77:9-80:20
	android:label
		ADDED from src\main\AndroidManifest.xml:79:13-63
	android:name
		ADDED from src\main\AndroidManifest.xml:78:13-77
activity#com.zxing.android.ScanQRCodeActivity
ADDED from src\main\AndroidManifest.xml:82:9-110
	android:screenOrientation
		ADDED from src\main\AndroidManifest.xml:82:71-107
	android:name
		ADDED from src\main\AndroidManifest.xml:82:19-70
activity#com.tencent.connect.common.AssistActivity
ADDED from src\main\AndroidManifest.xml:83:9-87:75
	android:screenOrientation
		ADDED from src\main\AndroidManifest.xml:86:13-47
	android:configChanges
		ADDED from src\main\AndroidManifest.xml:85:13-63
	android:theme
		ADDED from src\main\AndroidManifest.xml:87:13-72
	android:name
		ADDED from src\main\AndroidManifest.xml:84:13-69
activity#com.tencent.tauth.AuthActivity
ADDED from src\main\AndroidManifest.xml:88:9-98:20
	android:launchMode
		ADDED from src\main\AndroidManifest.xml:90:13-44
	android:noHistory
		ADDED from src\main\AndroidManifest.xml:91:13-37
	android:name
		ADDED from src\main\AndroidManifest.xml:89:13-58
intent-filter#android.intent.action.VIEW+android.intent.category.BROWSABLE+android.intent.category.DEFAULT
ADDED from src\main\AndroidManifest.xml:92:13-97:29
action#android.intent.action.VIEW
ADDED from src\main\AndroidManifest.xml:93:17-69
	android:name
		ADDED from src\main\AndroidManifest.xml:93:25-66
category#android.intent.category.DEFAULT
ADDED from src\main\AndroidManifest.xml:94:17-76
	android:name
		ADDED from src\main\AndroidManifest.xml:94:27-73
category#android.intent.category.BROWSABLE
ADDED from src\main\AndroidManifest.xml:95:17-78
	android:name
		ADDED from src\main\AndroidManifest.xml:95:27-75
data
ADDED from src\main\AndroidManifest.xml:96:17-60
	android:scheme
		ADDED from src\main\AndroidManifest.xml:96:23-57
activity#com.advanpro.fwtools.wxapi.WXEntryActivity
ADDED from src\main\AndroidManifest.xml:99:9-106:20
	android:label
		ADDED from src\main\AndroidManifest.xml:102:13-59
	android:exported
		ADDED from src\main\AndroidManifest.xml:101:13-36
	android:name
		ADDED from src\main\AndroidManifest.xml:100:13-70
intent-filter#android.intent.action.VIEW
ADDED from src\main\AndroidManifest.xml:103:13-105:29
service#com.advanpro.fwtools.ble.BleService
ADDED from src\main\AndroidManifest.xml:108:9-93
	android:enabled
		ADDED from src\main\AndroidManifest.xml:108:69-91
	android:name
		ADDED from src\main\AndroidManifest.xml:108:18-68
service#com.advanpro.fwtools.module.DataSyncService
ADDED from src\main\AndroidManifest.xml:109:9-101
	android:enabled
		ADDED from src\main\AndroidManifest.xml:109:77-99
	android:name
		ADDED from src\main\AndroidManifest.xml:109:18-76
uses-sdk
INJECTED from src\main\AndroidManifest.xml reason: use-sdk injection requested
	android:targetSdkVersion
		INJECTED from src\main\AndroidManifest.xml
		INJECTED from src\main\AndroidManifest.xml
	android:minSdkVersion
		INJECTED from src\main\AndroidManifest.xml
		INJECTED from src\main\AndroidManifest.xml